# JRE version: OpenJDK Runtime Environment Temurin-17.0.12+7 (17.0.12+7) (build 17.0.12+7)
# Java VM: OpenJDK 64-Bit Server VM Temurin-17.0.12+7 (17.0.12+7, mixed mode, emulated-client, tiered, compressed oops, compressed class ptrs, g1 gc, windows-amd64)
GC Precious Log:
 CPUs: 8 total, 8 available
 Memory: 7859M
 Large Page Support: Disabled
 NUMA Support: Disabled
 Compressed Oops: Enabled (32-bit)
 Heap Region Size: 1M
 Heap Min Capacity: 8M
 Heap Initial Capacity: 124M
 Heap Max Capacity: 1G
 Pre-touch: Disabled
 Parallel Workers: 8
 Concurrent Workers: 2
 Concurrent Refinement Workers: 8
 Periodic GC: Disabled
Heap:
 garbage-first heap   total 112640K, used 40672K [0x00000000c0000000, 0x0000000100000000)
  region size 1024K, 1 young (1024K), 0 survivors (0K)
 Metaspace       used 62583K, committed 63040K, reserved 1114112K
  class space    used 8027K, committed 8192K, reserved 1048576K
GC Heap History (20 events):
Event: 9457.118 GC heap after
{Heap after GC invocations=365 (full 344):
 garbage-first heap   total 112640K, used 40361K [0x00000000c0000000, 0x0000000100000000)
  region size 1024K, 0 young (0K), 0 survivors (0K)
 Metaspace       used 62583K, committed 63040K, reserved 1114112K
  class space    used 8027K, committed 8192K, reserved 1048576K
}
Event: 9467.276 GC heap before
{Heap before GC invocations=365 (full 344):
 garbage-first heap   total 112640K, used 40361K [0x00000000c0000000, 0x0000000100000000)
  region size 1024K, 1 young (1024K), 0 survivors (0K)
 Metaspace       used 62583K, committed 63040K, reserved 1114112K
  class space    used 8027K, committed 8192K, reserved 1048576K
}
Event: 9467.329 GC heap after
{Heap after GC invocations=366 (full 345):
 garbage-first heap   total 112640K, used 40361K [0x00000000c0000000, 0x0000000100000000)
  region size 1024K, 0 young (0K), 0 survivors (0K)
 Metaspace       used 62583K, committed 63040K, reserved 1114112K
  class space    used 8027K, committed 8192K, reserved 1048576K
}
Event: 9477.529 GC heap before
{Heap before GC invocations=366 (full 345):
 garbage-first heap   total 112640K, used 40361K [0x00000000c0000000, 0x0000000100000000)
  region size 1024K, 1 young (1024K), 0 survivors (0K)
 Metaspace       used 62583K, committed 63040K, reserved 1114112K
  class space    used 8027K, committed 8192K, reserved 1048576K
}
Event: 9477.579 GC heap after
{Heap after GC invocations=367 (full 346):
 garbage-first heap   total 112640K, used 40361K [0x00000000c0000000, 0x0000000100000000)
  region size 1024K, 0 young (0K), 0 survivors (0K)
 Metaspace       used 62583K, committed 63040K, reserved 1114112K
  class space    used 8027K, committed 8192K, reserved 1048576K
}
Event: 9487.732 GC heap before
{Heap before GC invocations=367 (full 346):
 garbage-first heap   total 112640K, used 40361K [0x00000000c0000000, 0x0000000100000000)
  region size 1024K, 1 young (1024K), 0 survivors (0K)
 Metaspace       used 62583K, committed 63040K, reserved 1114112K
  class space    used 8027K, committed 8192K, reserved 1048576K
}
Event: 9487.779 GC heap after
{Heap after GC invocations=368 (full 347):
 garbage-first heap   total 112640K, used 40361K [0x00000000c0000000, 0x0000000100000000)
  region size 1024K, 0 young (0K), 0 survivors (0K)
 Metaspace       used 62583K, committed 63040K, reserved 1114112K
  class space    used 8027K, committed 8192K, reserved 1048576K
}
Event: 9497.945 GC heap before
{Heap before GC invocations=368 (full 347):
 garbage-first heap   total 112640K, used 40361K [0x00000000c0000000, 0x0000000100000000)
  region size 1024K, 1 young (1024K), 0 survivors (0K)
 Metaspace       used 62583K, committed 63040K, reserved 1114112K
  class space    used 8027K, committed 8192K, reserved 1048576K
}
Event: 9498.000 GC heap after
{Heap after GC invocations=369 (full 348):
 garbage-first heap   total 112640K, used 40361K [0x00000000c0000000, 0x0000000100000000)
  region size 1024K, 0 young (0K), 0 survivors (0K)
 Metaspace       used 62583K, committed 63040K, reserved 1114112K
  class space    used 8027K, committed 8192K, reserved 1048576K
}
Event: 9508.180 GC heap before
{Heap before GC invocations=369 (full 348):
 garbage-first heap   total 112640K, used 40361K [0x00000000c0000000, 0x0000000100000000)
  region size 1024K, 1 young (1024K), 0 survivors (0K)
 Metaspace       used 62583K, committed 63040K, reserved 1114112K
  class space    used 8027K, committed 8192K, reserved 1048576K
}
Event: 9508.225 GC heap after
{Heap after GC invocations=370 (full 349):
 garbage-first heap   total 112640K, used 40361K [0x00000000c0000000, 0x0000000100000000)
  region size 1024K, 0 young (0K), 0 survivors (0K)
 Metaspace       used 62583K, committed 63040K, reserved 1114112K
  class space    used 8027K, committed 8192K, reserved 1048576K
}
Event: 9548.516 GC heap before
{Heap before GC invocations=370 (full 349):
 garbage-first heap   total 112640K, used 46505K [0x00000000c0000000, 0x0000000100000000)
  region size 1024K, 7 young (7168K), 0 survivors (0K)
 Metaspace       used 62583K, committed 63040K, reserved 1114112K
  class space    used 8027K, committed 8192K, reserved 1048576K
}
Event: 9548.600 GC heap after
{Heap after GC invocations=371 (full 350):
 garbage-first heap   total 112640K, used 40675K [0x00000000c0000000, 0x0000000100000000)
  region size 1024K, 0 young (0K), 0 survivors (0K)
 Metaspace       used 62583K, committed 63040K, reserved 1114112K
  class space    used 8027K, committed 8192K, reserved 1048576K
}
Event: 9558.796 GC heap before
{Heap before GC invocations=371 (full 350):
 garbage-first heap   total 112640K, used 40675K [0x00000000c0000000, 0x0000000100000000)
  region size 1024K, 1 young (1024K), 0 survivors (0K)
 Metaspace       used 62583K, committed 63040K, reserved 1114112K
  class space    used 8027K, committed 8192K, reserved 1048576K
}
Event: 9558.897 GC heap after
{Heap after GC invocations=372 (full 351):
 garbage-first heap   total 112640K, used 40675K [0x00000000c0000000, 0x0000000100000000)
  region size 1024K, 0 young (0K), 0 survivors (0K)
 Metaspace       used 62583K, committed 63040K, reserved 1114112K
  class space    used 8027K, committed 8192K, reserved 1048576K
}
Event: 9569.041 GC heap before
{Heap before GC invocations=372 (full 351):
 garbage-first heap   total 112640K, used 40675K [0x00000000c0000000, 0x0000000100000000)
  region size 1024K, 1 young (1024K), 0 survivors (0K)
 Metaspace       used 62583K, committed 63040K, reserved 1114112K
  class space    used 8027K, committed 8192K, reserved 1048576K
}
Event: 9569.101 GC heap after
{Heap after GC invocations=373 (full 352):
 garbage-first heap   total 112640K, used 40675K [0x00000000c0000000, 0x0000000100000000)
  region size 1024K, 0 young (0K), 0 survivors (0K)
 Metaspace       used 62583K, committed 63040K, reserved 1114112K
  class space    used 8027K, committed 8192K, reserved 1048576K
}
Event: 9579.272 GC heap before
{Heap before GC invocations=373 (full 352):
 garbage-first heap   total 112640K, used 40675K [0x00000000c0000000, 0x0000000100000000)
  region size 1024K, 1 young (1024K), 0 survivors (0K)
 Metaspace       used 62583K, committed 63040K, reserved 1114112K
  class space    used 8027K, committed 8192K, reserved 1048576K
}
Event: 9579.340 GC heap after
{Heap after GC invocations=374 (full 353):
 garbage-first heap   total 112640K, used 40672K [0x00000000c0000000, 0x0000000100000000)
  region size 1024K, 0 young (0K), 0 survivors (0K)
 Metaspace       used 62583K, committed 63040K, reserved 1114112K
  class space    used 8027K, committed 8192K, reserved 1048576K
}
Event: 9589.783 GC heap before
{Heap before GC invocations=374 (full 353):
 garbage-first heap   total 112640K, used 40672K [0x00000000c0000000, 0x0000000100000000)
  region size 1024K, 1 young (1024K), 0 survivors (0K)
 Metaspace       used 62583K, committed 63040K, reserved 1114112K
  class space    used 8027K, committed 8192K, reserved 1048576K
}

